<?xml version="1.0" encoding="UTF-8"?>
<!-- Generated by org.testng.reporters.JUnitReportReporter -->
<testsuite hostname="Bintus-MacBook-Pro.local" failures="0" tests="13" name="runner.TestRunner" time="178.319" errors="0" timestamp="2022-08-10T23:35:33 BST" skipped="0">
  <testcase classname="runner.TestRunner" name="runScenario" time="18.357"/>
  <system-out/>
  <testcase classname="runner.TestRunner" name="runScenario" time="14.932"/>
  <system-out/>
  <testcase classname="runner.TestRunner" name="runScenario" time="27.273"/>
  <system-out/>
  <testcase classname="runner.TestRunner" name="runScenario" time="6.552"/>
  <system-out/>
  <testcase classname="runner.TestRunner" name="runScenario" time="5.039"/>
  <system-out/>
  <testcase classname="runner.TestRunner" name="runScenario" time="24.802"/>
  <system-out/>
  <testcase classname="runner.TestRunner" name="runScenario" time="6.962"/>
  <system-out/>
  <testcase classname="runner.TestRunner" name="runScenario" time="5.858"/>
  <system-out/>
  <testcase classname="runner.TestRunner" name="runScenario" time="13.287"/>
  <system-out/>
  <testcase classname="runner.TestRunner" name="runScenario" time="16.374"/>
  <system-out/>
  <testcase classname="runner.TestRunner" name="runScenario" time="17.496"/>
  <system-out/>
  <testcase classname="runner.TestRunner" name="runScenario" time="16.486"/>
  <system-out/>
  <testcase classname="runner.TestRunner" name="runScenario" time="4.901"/>
  <system-out/>
</testsuite> <!-- runner.TestRunner -->
